[09:30:35] [main/INFO] (FabricLoader/GameProvider) Loading Minecraft 1.19 with Fabric Loader 0.14.8
[09:30:35] [main/INFO] (FabricLoader) Loading 43 mods:
	- fabric 0.56.3+1.19
	- fabric-api-base 0.4.9+e62f51a3a9
	- fabric-api-lookup-api-v1 1.6.7+9ff28f40a9
	- fabric-biome-api-v1 9.0.14+b2a4a624a9
	- fabric-blockrenderlayer-v1 1.1.18+9ff28f40a9
	- fabric-command-api-v2 2.1.2+0d55f585a9
	- fabric-content-registries-v0 3.1.1+82552130a9
	- fabric-convention-tags-v1 1.0.8+37622d24a9
	- fabric-crash-report-info-v1 0.2.3+bd0a0d4aa9
	- fabric-data-generation-api-v1 5.1.1+a680b9b4a9
	- fabric-dimensions-v1 2.1.27+72da3b3da9
	- fabric-entity-events-v1 1.4.16+9ff28f40a9
	- fabric-events-interaction-v0 0.4.26+9ff28f40a9
	- fabric-game-rule-api-v1 1.0.19+18990361a9
	- fabric-gametest-api-v1 1.0.31+e62f51a3a9
	- fabric-item-api-v1 1.5.4+767db26ea9
	- fabric-item-groups-v0 0.3.24+9ff28f40a9
	- fabric-key-binding-api-v1 1.0.18+9ff28f40a9
	- fabric-lifecycle-events-v1 2.1.0+33fbc738a9
	- fabric-loot-api-v2 1.0.2+9e7660c6a9
	- fabric-message-api-v1 1.0.1+513f4a59a9
	- fabric-mining-level-api-v1 2.1.9+33fbc738a9
	- fabric-models-v0 0.3.15+9ff28f40a9
	- fabric-networking-api-v1 1.0.27+7fe97409a9
	- fabric-object-builder-api-v1 4.0.6+9ff28f40a9
	- fabric-particles-v1 1.0.8+dc39553aa9
	- fabric-registry-sync-v0 0.9.17+23c4cfefa9
	- fabric-renderer-api-v1 1.0.8+9ff28f40a9
	- fabric-renderer-indigo 0.6.9+1f92344ea9
	- fabric-rendering-data-attachment-v1 0.3.12+9ff28f40a9
	- fabric-rendering-fluids-v1 3.0.5+9ff28f40a9
	- fabric-rendering-v1 1.10.14+9ff28f40a9
	- fabric-resource-conditions-api-v1 2.0.9+e62f51a3a9
	- fabric-resource-loader-v0 0.5.4+db8596f1a9
	- fabric-screen-api-v1 1.0.23+9ff28f40a9
	- fabric-screen-handler-api-v1 1.2.6+9ff28f40a9
	- fabric-textures-v0 1.0.18+9ff28f40a9
	- fabric-transfer-api-v1 2.0.9+e62f51a3a9
	- fabric-transitive-access-wideners-v1 1.1.1+9e7660c6a9
	- fabricloader 0.14.8
	- java 17
	- minecraft 1.19
	- nis 1.0.0
[09:30:37] [main/INFO] (FabricLoader/Mixin) SpongePowered MIXIN Subsystem Version=0.8.5 Source=file:/Users/jj/.gradle/caches/modules-2/files-2.1/net.fabricmc/sponge-mixin/0.11.4+mixin.0.8.5/c1dc27696aa4006e492c2485c9ccbcb26045a971/sponge-mixin-0.11.4+mixin.0.8.5.jar Service=Knot/Fabric Env=CLIENT
[09:30:37] [main/INFO] (FabricLoader/Mixin) Loaded Fabric development mappings for mixin remapper!
[09:30:38] [main/INFO] (FabricLoader/Mixin) Compatibility level set to JAVA_16
[09:30:41] [main/WARN] (FileUtil) Configuration conflict: there is more than one oshi.properties file on the classpath
[09:30:42] [main/WARN] (FileUtil) Configuration conflict: there is more than one oshi.architecture.properties file on the classpath
[09:30:51] [main/INFO] (Minecraft) Building optimized datafixer
[09:30:59] [Render thread/INFO] (Minecraft) Environment: authHost='https://authserver.mojang.com', accountsHost='https://api.mojang.com', sessionHost='https://sessionserver.mojang.com', servicesHost='https://api.minecraftservices.com', name='PROD'
[09:31:00] [Render thread/ERROR] (Minecraft) Failed to verify authentication
com.mojang.authlib.exceptions.InvalidCredentialsException: Status: 401
	at com.mojang.authlib.exceptions.MinecraftClientHttpException.toAuthenticationException(MinecraftClientHttpException.java:56) ~[authlib-3.5.41.jar:?]
	at com.mojang.authlib.yggdrasil.YggdrasilUserApiService.fetchProperties(YggdrasilUserApiService.java:140) ~[authlib-3.5.41.jar:?]
	at com.mojang.authlib.yggdrasil.YggdrasilUserApiService.<init>(YggdrasilUserApiService.java:47) ~[authlib-3.5.41.jar:?]
	at com.mojang.authlib.yggdrasil.YggdrasilAuthenticationService.createUserApiService(YggdrasilAuthenticationService.java:158) ~[authlib-3.5.41.jar:?]
	at net.minecraft.client.MinecraftClient.createUserApiService(MinecraftClient.java:673) [minecraft-project-@-merged-named.jar:?]
	at net.minecraft.client.MinecraftClient.<init>(MinecraftClient.java:489) [minecraft-project-@-merged-named.jar:?]
	at net.minecraft.client.main.Main.main(Main.java:179) [minecraft-project-@-merged-named.jar:?]
	at net.fabricmc.loader.impl.game.minecraft.MinecraftGameProvider.launch(MinecraftGameProvider.java:461) [fabric-loader-0.14.8.jar:?]
	at net.fabricmc.loader.impl.launch.knot.Knot.launch(Knot.java:74) [fabric-loader-0.14.8.jar:?]
	at net.fabricmc.loader.impl.launch.knot.KnotClient.main(KnotClient.java:23) [fabric-loader-0.14.8.jar:?]
	at net.fabricmc.devlaunchinjector.Main.main(Main.java:86) [dev-launch-injector-0.2.1+build.8.jar:?]
Caused by: com.mojang.authlib.exceptions.MinecraftClientHttpException: Status: 401
	at com.mojang.authlib.minecraft.client.MinecraftClient.readInputStream(MinecraftClient.java:85) ~[authlib-3.5.41.jar:?]
	at com.mojang.authlib.minecraft.client.MinecraftClient.get(MinecraftClient.java:48) ~[authlib-3.5.41.jar:?]
	at com.mojang.authlib.yggdrasil.YggdrasilUserApiService.fetchProperties(YggdrasilUserApiService.java:121) ~[authlib-3.5.41.jar:?]
	... 9 more
[09:31:00] [Render thread/INFO] (Minecraft) Setting user: Player436
[09:31:01] [Render thread/INFO] (Indigo) [Indigo] Registering Indigo renderer!
[09:31:02] [Render thread/INFO] (Minecraft) Backend library: LWJGL version 3.3.1 SNAPSHOT
[09:31:05] [Worker-Main-4/ERROR] (Minecraft) Failed to retrieve profile key pair
java.io.IOException: Could not retrieve profile key pair
	at net.minecraft.client.util.ProfileKeys.fetchKeyPair(ProfileKeys.java:165) ~[minecraft-project-@-merged-named.jar:?]
	at net.minecraft.client.util.ProfileKeys.method_44291(ProfileKeys.java:68) ~[minecraft-project-@-merged-named.jar:?]
	at java.util.concurrent.CompletableFuture$AsyncSupply.run(CompletableFuture.java:1768) [?:?]
	at java.util.concurrent.CompletableFuture$AsyncSupply.exec(CompletableFuture.java:1760) [?:?]
	at java.util.concurrent.ForkJoinTask.doExec(ForkJoinTask.java:373) [?:?]
	at java.util.concurrent.ForkJoinPool$WorkQueue.topLevelExec(ForkJoinPool.java:1182) [?:?]
	at java.util.concurrent.ForkJoinPool.scan(ForkJoinPool.java:1655) [?:?]
	at java.util.concurrent.ForkJoinPool.runWorker(ForkJoinPool.java:1622) [?:?]
	at java.util.concurrent.ForkJoinWorkerThread.run(ForkJoinWorkerThread.java:165) [?:?]
[09:31:05] [Render thread/INFO] (Minecraft) Reloading ResourceManager: Default, Fabric Mods (Fabric Mining Level API (v1), Fabric Item API (v1), Fabric Rendering (v1), Fabric Message API (v1), Fabric Data Generation API (v1), Fabric Rendering Fluids (v1), Fabric BlockRenderLayer Registration (v1), Fabric Rendering Data Attachment (v1), Fabric Resource Conditions API (v1), Fabric Particles (v1), Fabric Events Interaction (v0), Fabric Object Builder API (v1), Fabric Game Rule API (v1), Fabric Textures (v0), Fabric Screen Handler API (v1), Fabric Item Groups (v0), Fabric API Lookup API (v1), Fabric Networking API (v1), Fabric Transfer API (v1), Fabric Key Binding API (v1), Fabric Game Test API (v1), Fabric Lifecycle Events (v1), Fabric Loot API (v2), Fabric Crash Report Info (v1), Fabric Convention Tags, Fabric API, Fabric Dimensions API (v1), Fabric Models (v0), Fabric Screen API (v1), New Items Tab, Fabric Renderer API (v1), Fabric Resource Loader (v0), Fabric Loader, Fabric Entity Events (v1), Fabric Renderer - Indigo, Fabric Command API (v2), Fabric Transitive Access Wideners (v1), Fabric Biome API (v1), Fabric Content Registries (v0), Fabric Registry Sync (v0), Fabric API Base)
[09:31:06] [Realms Notification Availability checker #1/INFO] (Minecraft) Could not authorize you against Realms server: Invalid session id
[09:31:12] [Render thread/WARN] (Minecraft) Missing sound for event: minecraft:item.goat_horn.play
[09:31:12] [Render thread/WARN] (Minecraft) Missing sound for event: minecraft:entity.goat.screaming.horn_break
[09:31:12] [Render thread/INFO] (Minecraft) OpenAL initialized on device CoreAudio Default
[09:31:12] [Render thread/INFO] (Minecraft) Sound engine started
[09:31:13] [Render thread/INFO] (Minecraft) Created: 1024x1024x4 minecraft:textures/atlas/blocks.png-atlas
[09:31:13] [Render thread/INFO] (Minecraft) Created: 256x128x4 minecraft:textures/atlas/signs.png-atlas
[09:31:13] [Render thread/INFO] (Minecraft) Created: 1024x512x4 minecraft:textures/atlas/banner_patterns.png-atlas
[09:31:13] [Render thread/INFO] (Minecraft) Created: 1024x512x4 minecraft:textures/atlas/shield_patterns.png-atlas
[09:31:13] [Render thread/INFO] (Minecraft) Created: 256x256x4 minecraft:textures/atlas/chest.png-atlas
[09:31:13] [Render thread/INFO] (Minecraft) Created: 512x256x4 minecraft:textures/atlas/beds.png-atlas
[09:31:13] [Render thread/INFO] (Minecraft) Created: 512x256x4 minecraft:textures/atlas/shulker_boxes.png-atlas
[09:31:17] [Render thread/WARN] (Minecraft) Shader rendertype_entity_translucent_emissive could not find sampler named Sampler2 in the specified shader program.
[09:31:17] [Render thread/INFO] (Minecraft) Created: 512x256x0 minecraft:textures/atlas/particles.png-atlas
[09:31:17] [Render thread/INFO] (Minecraft) Created: 256x256x0 minecraft:textures/atlas/paintings.png-atlas
[09:31:17] [Render thread/INFO] (Minecraft) Created: 256x128x0 minecraft:textures/atlas/mob_effects.png-atlas
[09:31:27] [Render thread/INFO] (Minecraft) Loaded 7 recipes
[09:31:28] [Render thread/INFO] (Minecraft) Loaded 1179 advancements
[09:31:34] [Render thread/INFO] (BiomeModificationImpl) Applied 0 biome modifications to 0 of 63 new biomes in 4.578 ms
[09:31:34] [Server thread/INFO] (Minecraft) Starting integrated minecraft server version 1.19
[09:31:34] [Server thread/INFO] (Minecraft) Generating keypair
[09:31:35] [Server thread/INFO] (Minecraft) Preparing start region for dimension minecraft:overworld
[09:31:48] [Render thread/INFO] (Minecraft) Preparing spawn area: 0%
[09:31:48] [Render thread/INFO] (Minecraft) Preparing spawn area: 0%
[09:31:48] [Render thread/INFO] (Minecraft) Preparing spawn area: 0%
[09:31:48] [Render thread/INFO] (Minecraft) Preparing spawn area: 0%
[09:31:48] [Render thread/INFO] (Minecraft) Preparing spawn area: 0%
[09:31:48] [Render thread/INFO] (Minecraft) Preparing spawn area: 0%
[09:31:48] [Render thread/INFO] (Minecraft) Preparing spawn area: 0%
[09:31:48] [Render thread/INFO] (Minecraft) Preparing spawn area: 0%
[09:31:48] [Render thread/INFO] (Minecraft) Preparing spawn area: 0%
[09:31:48] [Render thread/INFO] (Minecraft) Preparing spawn area: 0%
[09:31:49] [Render thread/INFO] (Minecraft) Preparing spawn area: 0%
[09:31:49] [Render thread/INFO] (Minecraft) Preparing spawn area: 0%
[09:31:49] [Render thread/INFO] (Minecraft) Preparing spawn area: 0%
[09:31:49] [Render thread/INFO] (Minecraft) Preparing spawn area: 0%
[09:31:49] [Render thread/INFO] (Minecraft) Preparing spawn area: 0%
[09:31:49] [Render thread/INFO] (Minecraft) Preparing spawn area: 0%
[09:31:49] [Render thread/INFO] (Minecraft) Preparing spawn area: 0%
[09:31:49] [Render thread/INFO] (Minecraft) Preparing spawn area: 0%
[09:31:49] [Render thread/INFO] (Minecraft) Preparing spawn area: 0%
[09:31:49] [Render thread/INFO] (Minecraft) Preparing spawn area: 0%
[09:31:49] [Render thread/INFO] (Minecraft) Preparing spawn area: 0%
[09:31:49] [Render thread/INFO] (Minecraft) Preparing spawn area: 0%
[09:31:50] [Render thread/INFO] (Minecraft) Preparing spawn area: 0%
[09:31:50] [Render thread/INFO] (Minecraft) Preparing spawn area: 0%
[09:31:50] [Render thread/INFO] (Minecraft) Preparing spawn area: 0%
[09:31:50] [Render thread/INFO] (Minecraft) Preparing spawn area: 0%
[09:31:50] [Render thread/INFO] (Minecraft) Preparing spawn area: 0%
[09:31:50] [Render thread/INFO] (Minecraft) Preparing spawn area: 0%
[09:31:50] [Render thread/INFO] (Minecraft) Preparing spawn area: 0%
[09:31:50] [Render thread/INFO] (Minecraft) Preparing spawn area: 0%
[09:31:50] [Render thread/INFO] (Minecraft) Preparing spawn area: 0%
[09:31:51] [Render thread/INFO] (Minecraft) Preparing spawn area: 0%
[09:31:51] [Render thread/INFO] (Minecraft) Preparing spawn area: 0%
[09:31:52] [Render thread/INFO] (Minecraft) Preparing spawn area: 0%
[09:31:52] [Render thread/INFO] (Minecraft) Preparing spawn area: 5%
[09:31:53] [Render thread/INFO] (Minecraft) Preparing spawn area: 16%
[09:31:53] [Render thread/INFO] (Minecraft) Preparing spawn area: 33%
[09:31:54] [Render thread/INFO] (Minecraft) Preparing spawn area: 53%
[09:31:54] [Render thread/INFO] (Minecraft) Preparing spawn area: 68%
[09:31:55] [Render thread/INFO] (Minecraft) Preparing spawn area: 83%
[09:31:57] [Render thread/INFO] (Minecraft) Time elapsed: 22282 ms
[09:31:58] [Server thread/INFO] (Minecraft) Changing view distance to 12, from 10
[09:31:59] [Server thread/INFO] (Minecraft) Changing simulation distance to 12, from 0
[09:32:00] [Server thread/WARN] (Minecraft) Can't keep up! Is the server overloaded? Running 2347ms or 46 ticks behind
[09:32:01] [Server thread/INFO] (Minecraft) Player436[local:E:b5e9035b] logged in with entity id 283 at (-137.5, 72.0, 5.5)
[09:32:01] [Server thread/INFO] (Minecraft) Player436 joined the game
[09:32:06] [Render thread/INFO] (Minecraft) Loaded 0 advancements
[09:32:25] [Server thread/WARN] (Minecraft) Can't keep up! Is the server overloaded? Running 10561ms or 211 ticks behind
[09:32:49] [Server thread/WARN] (Minecraft) Can't keep up! Is the server overloaded? Running 8614ms or 172 ticks behind
[09:33:14] [Server thread/WARN] (Minecraft) Can't keep up! Is the server overloaded? Running 9710ms or 194 ticks behind
[09:33:39] [Server thread/WARN] (Minecraft) Can't keep up! Is the server overloaded? Running 10052ms or 201 ticks behind
[09:36:36] [Render thread/INFO] (Minecraft) Stopping!
[09:36:36] [Server thread/INFO] (Minecraft) Player436 lost connection: Disconnected
[09:36:36] [Server thread/INFO] (Minecraft) Player436 left the game
[09:36:36] [Server thread/INFO] (Minecraft) Stopping singleplayer server as player logged out
[09:36:37] [Server thread/INFO] (Minecraft) Stopping server
[09:36:37] [Server thread/INFO] (Minecraft) Saving players
[09:36:37] [Server thread/INFO] (Minecraft) Saving worlds
[09:36:41] [Server thread/INFO] (Minecraft) Saving chunks for level 'ServerLevel[New World]'/minecraft:overworld
[09:36:41] [Server thread/INFO] (Minecraft) Saving chunks for level 'ServerLevel[New World]'/minecraft:the_end
[09:36:41] [Server thread/INFO] (Minecraft) Saving chunks for level 'ServerLevel[New World]'/minecraft:the_nether
[09:36:41] [Server thread/INFO] (Minecraft) ThreadedAnvilChunkStorage (New World): All chunks are saved
[09:36:41] [Server thread/INFO] (Minecraft) ThreadedAnvilChunkStorage (DIM1): All chunks are saved
[09:36:41] [Server thread/INFO] (Minecraft) ThreadedAnvilChunkStorage (DIM-1): All chunks are saved
[09:36:41] [Server thread/INFO] (Minecraft) ThreadedAnvilChunkStorage: All dimensions are saved
